2026-06-18 15:35:30,632 - INFO - Starts running the all_agents
2026-06-18 15:35:30,634 - WARNING - No agents for showing
2026-06-18 15:36:07,630 - INFO - Starting to create an agent
2026-06-18 15:36:07,660 - INFO - The agent was created successfully.
2026-06-18 15:36:25,783 - INFO - Starts running the get_agent_by_id
2026-06-18 15:36:25,785 - INFO - The operation was completed successfully.
2026-06-18 15:40:33,370 - INFO - Starts running the update_agent
2026-06-18 15:40:33,382 - WARNING - The operation failed.
2026-06-18 15:40:48,911 - INFO - Starts running the deactivate_agent
2026-06-18 15:40:48,914 - WARNING - The operation failed.
2026-06-18 15:40:57,575 - INFO - Starts running the deactivate_agent
2026-06-18 15:40:57,578 - WARNING - The operation failed.
2026-06-18 15:41:44,067 - INFO - Starts running the all_agents
2026-06-18 15:41:44,070 - INFO - The operation was completed successfully.
2026-06-18 15:57:55,287 - INFO - Starts running the agent_performance
2026-06-18 15:57:55,290 - INFO - The operation was completed successfully.
2026-06-18 15:58:46,940 - INFO - The operation was successful.
2026-06-18 16:02:12,226 - INFO - The operation was successful.
2026-06-18 16:02:28,943 - INFO - The operation was successful.
2026-06-18 16:20:57,277 - INFO - Starts the create table of agents
2026-06-18 16:20:57,283 - INFO - Starts the create table of missions
2026-06-18 16:20:57,287 - INFO - finish the create table of agents and missions
2026-06-18 16:21:34,220 - INFO - Starting to create an agent
2026-06-18 16:21:34,222 - ERROR - Database action failed: Data truncated for column 'agent_rank' at row 1 (Code: 1265)
2026-06-18 16:25:20,393 - INFO - Starts the create table of agents
2026-06-18 16:25:20,398 - INFO - Starts the create table of missions
2026-06-18 16:25:20,402 - INFO - finish the create table of agents and missions
2026-06-18 16:25:34,568 - INFO - Starting to create an agent
2026-06-18 16:26:15,548 - INFO - Starts running the all_agents
2026-06-18 16:26:15,551 - INFO - The operation was completed successfully.
2026-06-18 16:26:27,011 - INFO - Starting to create an agent
2026-06-18 16:26:37,360 - INFO - Starts running the get_agent_by_id
2026-06-18 16:26:37,362 - WARNING - No agent for showing
2026-06-18 16:27:51,366 - INFO - Starts running the update_agent
2026-06-18 16:27:51,370 - WARNING - The operation failed.
2026-06-18 16:33:18,072 - INFO - Starts the create table of agents
2026-06-18 16:33:18,075 - INFO - Starts the create table of missions
2026-06-18 16:33:18,080 - INFO - finish the create table of agents and missions
2026-06-18 16:33:32,063 - INFO - Starts running the top_agent
2026-06-18 16:33:32,067 - ERROR - action failed: Python type dict cannot be converted
2026-06-18 16:35:00,668 - INFO - Starts the create table of agents
2026-06-18 16:35:00,672 - INFO - Starts the create table of missions
2026-06-18 16:35:00,676 - INFO - finish the create table of agents and missions
2026-06-18 16:35:07,839 - INFO - Starts running the top_agent
2026-06-18 16:35:07,843 - ERROR - action failed: Python type dict cannot be converted
2026-06-18 16:37:32,361 - INFO - Starts running the reports
2026-06-18 16:37:32,371 - INFO - The operation was successful.
2026-06-18 16:37:38,899 - INFO - Starts running the missions_by_status
2026-06-18 16:37:38,916 - INFO - The operation was successful.
2026-06-18 16:37:46,668 - INFO - Starts running the top_agent
2026-06-18 16:37:46,672 - ERROR - action failed: Python type dict cannot be converted
2026-06-18 16:43:17,887 - INFO - Starts the create table of agents
2026-06-18 16:43:17,891 - INFO - Starts the create table of missions
2026-06-18 16:43:17,895 - INFO - finish the create table of agents and missions
2026-06-18 16:43:28,921 - INFO - Starts running the top_agent
2026-06-18 16:43:28,925 - ERROR - action failed: Python type dict cannot be converted
2026-06-18 16:43:37,096 - INFO - Starts running the failed_mission
2026-06-18 16:43:37,100 - WARNING - The operation failed.
2026-06-18 16:43:57,898 - INFO - Starts running the finish_mission
2026-06-18 16:43:57,901 - INFO - The operation was successful.
2026-06-18 16:43:57,901 - WARNING - The operation failed.
